[debug] [2021-01-16T09:24:11.127Z] ----------------------------------------------------------------------
[debug] [2021-01-16T09:24:11.129Z] Command:       C:\Program Files\nodejs\node.exe C:\Users\gpfqp\AppData\Roaming\npm\node_modules\firebase-tools\lib\bin\firebase.js --debug --only functions deploy
[debug] [2021-01-16T09:24:11.129Z] CLI Version:   9.2.1
[debug] [2021-01-16T09:24:11.129Z] Platform:      win32
[debug] [2021-01-16T09:24:11.129Z] Node Version:  v14.15.1
[debug] [2021-01-16T09:24:11.130Z] Time:          Sat Jan 16 2021 18:24:11 GMT+0900 (대한민국 표준시)
[debug] [2021-01-16T09:24:11.130Z] ----------------------------------------------------------------------
[debug] [2021-01-16T09:24:11.131Z] 
[debug] [2021-01-16T09:24:11.138Z] > command requires scopes: ["email","openid","https://www.googleapis.com/auth/cloudplatformprojects.readonly","https://www.googleapis.com/auth/firebase","https://www.googleapis.com/auth/cloud-platform"]
[debug] [2021-01-16T09:24:11.140Z] > authorizing via signed-in user
[debug] [2021-01-16T09:24:11.140Z] [iam] checking project stacksts for permissions ["cloudfunctions.functions.create","cloudfunctions.functions.delete","cloudfunctions.functions.get","cloudfunctions.functions.list","cloudfunctions.functions.update","cloudfunctions.operations.get","firebase.projects.get"]
[debug] [2021-01-16T09:24:11.144Z] >>> HTTP REQUEST POST https://cloudresourcemanager.googleapis.com/v1/projects/stacksts:testIamPermissions  
 {"permissions":["cloudfunctions.functions.create","cloudfunctions.functions.delete","cloudfunctions.functions.get","cloudfunctions.functions.list","cloudfunctions.functions.update","cloudfunctions.operations.get","firebase.projects.get"]}
[debug] [2021-01-16T09:24:12.117Z] <<< HTTP RESPONSE 200 {"content-type":"application/json; charset=UTF-8","vary":"X-Origin, Referer, Origin,Accept-Encoding","date":"Sat, 16 Jan 2021 09:24:12 GMT","server":"ESF","cache-control":"private","x-xss-protection":"0","x-frame-options":"SAMEORIGIN","x-content-type-options":"nosniff","server-timing":"gfet4t7; dur=634","alt-svc":"h3-29=\":443\"; ma=2592000,h3-T051=\":443\"; ma=2592000,h3-Q050=\":443\"; ma=2592000,h3-Q046=\":443\"; ma=2592000,h3-Q043=\":443\"; ma=2592000,quic=\":443\"; ma=2592000; v=\"46,43\"","accept-ranges":"none","transfer-encoding":"chunked"}
[debug] [2021-01-16T09:24:12.120Z] >>> HTTP REQUEST POST https://iam.googleapis.com/v1/projects/stacksts/serviceAccounts/stacksts@appspot.gserviceaccount.com:testIamPermissions  
 {"permissions":["iam.serviceAccounts.actAs"]}
[debug] [2021-01-16T09:24:13.277Z] <<< HTTP RESPONSE 200 {"content-type":"application/json; charset=UTF-8","vary":"X-Origin, Referer, Origin,Accept-Encoding","date":"Sat, 16 Jan 2021 09:24:13 GMT","server":"ESF","cache-control":"private","x-xss-protection":"0","x-frame-options":"SAMEORIGIN","x-content-type-options":"nosniff","alt-svc":"h3-29=\":443\"; ma=2592000,h3-T051=\":443\"; ma=2592000,h3-Q050=\":443\"; ma=2592000,h3-Q046=\":443\"; ma=2592000,h3-Q043=\":443\"; ma=2592000,quic=\":443\"; ma=2592000; v=\"46,43\"","accept-ranges":"none","transfer-encoding":"chunked"}
[warn] !  functions: package.json indicates an outdated version of firebase-functions.
Please upgrade using npm install --save firebase-functions@latest in your functions directory. 
[info] 
[info] === Deploying to 'stacksts'...
[info] 
[info] i  deploying functions 
[info] Running command: npm --prefix "$RESOURCE_DIR" run lint
[info] +  functions: Finished running predeploy script. 
[debug] [2021-01-16T09:24:17.982Z] > [functions] package.json contents: {
  "name": "functions",
  "description": "Cloud Functions for Firebase",
  "scripts": {
    "lint": "eslint .",
    "serve": "firebase emulators:start --only functions",
    "shell": "firebase functions:shell",
    "start": "npm run shell",
    "deploy": "firebase deploy --only functions",
    "logs": "firebase functions:log"
  },
  "engines": {
    "node": "12"
  },
  "main": "index.js",
  "dependencies": {
    "firebase-admin": "^9.2.0",
    "firebase-functions": "^3.11.0",
    "nodemailer": "^6.4.17"
  },
  "devDependencies": {
    "eslint": "^7.6.0",
    "eslint-config-google": "^0.14.0",
    "firebase-functions-test": "^0.2.0"
  },
  "private": true
}
[info] i  functions: ensuring required API cloudfunctions.googleapis.com is enabled... 
[info] i  functions: ensuring required API cloudbuild.googleapis.com is enabled... 
[debug] [2021-01-16T09:24:19.824Z] >>> HTTP REQUEST GET https://serviceusage.googleapis.com/v1/projects/stacksts/services/cloudfunctions.googleapis.com  
 
[debug] [2021-01-16T09:24:19.825Z] >>> HTTP REQUEST GET https://serviceusage.googleapis.com/v1/projects/stacksts/services/runtimeconfig.googleapis.com  
 
[debug] [2021-01-16T09:24:19.826Z] >>> HTTP REQUEST GET https://serviceusage.googleapis.com/v1/projects/stacksts/services/cloudbuild.googleapis.com  
 
[debug] [2021-01-16T09:24:21.141Z] <<< HTTP RESPONSE 200 {"content-type":"application/json; charset=UTF-8","vary":"X-Origin, Referer, Origin,Accept-Encoding","date":"Sat, 16 Jan 2021 09:24:21 GMT","server":"ESF","cache-control":"private","x-xss-protection":"0","x-frame-options":"SAMEORIGIN","x-content-type-options":"nosniff","alt-svc":"h3-29=\":443\"; ma=2592000,h3-T051=\":443\"; ma=2592000,h3-Q050=\":443\"; ma=2592000,h3-Q046=\":443\"; ma=2592000,h3-Q043=\":443\"; ma=2592000,quic=\":443\"; ma=2592000; v=\"46,43\"","accept-ranges":"none","transfer-encoding":"chunked"}
[debug] [2021-01-16T09:24:21.163Z] <<< HTTP RESPONSE 200 {"content-type":"application/json; charset=UTF-8","vary":"X-Origin, Referer, Origin,Accept-Encoding","date":"Sat, 16 Jan 2021 09:24:21 GMT","server":"ESF","cache-control":"private","x-xss-protection":"0","x-frame-options":"SAMEORIGIN","x-content-type-options":"nosniff","alt-svc":"h3-29=\":443\"; ma=2592000,h3-T051=\":443\"; ma=2592000,h3-Q050=\":443\"; ma=2592000,h3-Q046=\":443\"; ma=2592000,h3-Q043=\":443\"; ma=2592000,quic=\":443\"; ma=2592000; v=\"46,43\"","accept-ranges":"none","transfer-encoding":"chunked"}
[info] +  functions: required API cloudbuild.googleapis.com is enabled 
[debug] [2021-01-16T09:24:21.283Z] <<< HTTP RESPONSE 200 {"content-type":"application/json; charset=UTF-8","vary":"X-Origin, Referer, Origin,Accept-Encoding","date":"Sat, 16 Jan 2021 09:24:21 GMT","server":"ESF","cache-control":"private","x-xss-protection":"0","x-frame-options":"SAMEORIGIN","x-content-type-options":"nosniff","alt-svc":"h3-29=\":443\"; ma=2592000,h3-T051=\":443\"; ma=2592000,h3-Q050=\":443\"; ma=2592000,h3-Q046=\":443\"; ma=2592000,h3-Q043=\":443\"; ma=2592000,quic=\":443\"; ma=2592000; v=\"46,43\"","accept-ranges":"none","transfer-encoding":"chunked"}
[info] +  functions: required API cloudfunctions.googleapis.com is enabled 
[debug] [2021-01-16T09:24:21.285Z] >>> HTTP REQUEST GET https://firebase.googleapis.com/v1beta1/projects/stacksts/adminSdkConfig  
 
[debug] [2021-01-16T09:24:22.245Z] <<< HTTP RESPONSE 200 {"content-type":"application/json; charset=UTF-8","vary":"X-Origin, Referer, Origin,Accept-Encoding","date":"Sat, 16 Jan 2021 09:24:22 GMT","server":"ESF","cache-control":"private","x-xss-protection":"0","x-frame-options":"SAMEORIGIN","x-content-type-options":"nosniff","alt-svc":"h3-29=\":443\"; ma=2592000,h3-T051=\":443\"; ma=2592000,h3-Q050=\":443\"; ma=2592000,h3-Q046=\":443\"; ma=2592000,h3-Q043=\":443\"; ma=2592000,quic=\":443\"; ma=2592000; v=\"46,43\"","accept-ranges":"none","transfer-encoding":"chunked"}
[info] i  functions: preparing functions directory for uploading... 
[debug] [2021-01-16T09:24:22.252Z] >>> HTTP REQUEST GET https://runtimeconfig.googleapis.com/v1beta1/projects/stacksts/configs  
 
[debug] [2021-01-16T09:24:23.317Z] <<< HTTP RESPONSE 200 {"content-type":"application/json; charset=UTF-8","vary":"X-Origin, Referer, Origin,Accept-Encoding","date":"Sat, 16 Jan 2021 09:24:23 GMT","server":"ESF","cache-control":"private","x-xss-protection":"0","x-frame-options":"SAMEORIGIN","x-content-type-options":"nosniff","alt-svc":"h3-29=\":443\"; ma=2592000,h3-T051=\":443\"; ma=2592000,h3-Q050=\":443\"; ma=2592000,h3-Q046=\":443\"; ma=2592000,h3-Q043=\":443\"; ma=2592000,quic=\":443\"; ma=2592000; v=\"46,43\"","accept-ranges":"none","transfer-encoding":"chunked"}
[info] i  functions: packaged functions (32.85 KB) for uploading 
[debug] [2021-01-16T09:24:23.552Z] >>> HTTP REQUEST GET https://cloudfunctions.googleapis.com/v1/projects/stacksts/locations/-/functions  
 
[debug] [2021-01-16T09:24:24.434Z] <<< HTTP RESPONSE 200 {"content-type":"application/json; charset=UTF-8","vary":"X-Origin, Referer, Origin,Accept-Encoding","date":"Sat, 16 Jan 2021 09:24:24 GMT","server":"ESF","cache-control":"private","x-xss-protection":"0","x-frame-options":"SAMEORIGIN","x-content-type-options":"nosniff","alt-svc":"h3-29=\":443\"; ma=2592000,h3-T051=\":443\"; ma=2592000,h3-Q050=\":443\"; ma=2592000,h3-Q046=\":443\"; ma=2592000,h3-Q043=\":443\"; ma=2592000,quic=\":443\"; ma=2592000; v=\"46,43\"","accept-ranges":"none","transfer-encoding":"chunked"}
[debug] [2021-01-16T09:24:24.437Z] >>> HTTP REQUEST POST https://cloudfunctions.googleapis.com/v1/projects/stacksts/locations/us-central1/functions:generateUploadUrl  
 
[debug] [2021-01-16T09:24:25.276Z] <<< HTTP RESPONSE 200 {"content-type":"application/json; charset=UTF-8","vary":"X-Origin, Referer, Origin,Accept-Encoding","date":"Sat, 16 Jan 2021 09:24:25 GMT","server":"ESF","cache-control":"private","x-xss-protection":"0","x-frame-options":"SAMEORIGIN","x-content-type-options":"nosniff","alt-svc":"h3-29=\":443\"; ma=2592000,h3-T051=\":443\"; ma=2592000,h3-Q050=\":443\"; ma=2592000,h3-Q046=\":443\"; ma=2592000,h3-Q043=\":443\"; ma=2592000,quic=\":443\"; ma=2592000; v=\"46,43\"","accept-ranges":"none","transfer-encoding":"chunked"}
[debug] [2021-01-16T09:24:25.277Z] >>> HTTP REQUEST PUT https://storage.googleapis.com/gcf-upload-us-central1-0a357c5f-8549-452e-a55f-000c28dd7dbf/9cf93b91-039a-4562-b666-46e2cb1889d1.zip?GoogleAccessId=service-561557019074@gcf-admin-robot.iam.gserviceaccount.com&Expires=1610790865&Signature=tk%2BMiJmAOXYVVE9sqUrURLJqxygvHHzxfSSi2fNSAg%2FMjSB3rBwWysAY%2Bh09kvIFkQQCJ46epQe3CSLKuz8zIcGQAleTmwoRnWTptxQ1NlY8IT5wH9U5PvavcghFCIyYFjf9ULCEmXtb%2FYjaWyjlOUBWlfFQFmZZYZvr3PFzUO1Ny4kZzwG%2FxOVA6dY78VomQYgf3ibdRKF5Ou435161cWc5nVANKvjMyXSsir46Rn7bAjCWthKLkKEie9ytrOg6JiykIRXpsJg%2BVvIyPh3NyOHvapPyDYgJibGkvHvpD7eHN0P0Kgu5HIkhANhT5ircUxywzVOzd9Ta%2FiulWJWDhw%3D%3D  
 <request body omitted>
[debug] [2021-01-16T09:24:25.562Z] <<< HTTP RESPONSE 200 {"x-guploader-uploadid":"ABg5-Uztauma9bF1NAIj_GPWMABdtHvEfF8wgZiUztqhlvJ_94yBQcfiINy-v0ojUjbc0YFchiquzf3BJWeGkDl06f0","etag":"\"1ba54b956dbb44d29a51b174f6b9c7be\"","x-goog-generation":"1610789065567727","x-goog-metageneration":"1","x-goog-hash":"crc32c=pbnT4g==, md5=G6VLlW27RNKaUbF09rnHvg==","x-goog-stored-content-length":"33641","x-goog-stored-content-encoding":"identity","vary":"Origin","content-length":"0","date":"Sat, 16 Jan 2021 09:24:25 GMT","server":"UploadServer","content-type":"text/html; charset=UTF-8","alt-svc":"h3-29=\":443\"; ma=2592000,h3-T051=\":443\"; ma=2592000,h3-Q050=\":443\"; ma=2592000,h3-Q046=\":443\"; ma=2592000,h3-Q043=\":443\"; ma=2592000,quic=\":443\"; ma=2592000; v=\"46,43\""}
[info] +  functions: functions folder uploaded successfully 
[info] i  functions: updating Node.js 12 function sendCreateMail(us-central1)... 
[debug] [2021-01-16T09:24:25.565Z] Trigger is:  {"eventTrigger":{"resource":"projects/stacksts/databases/(default)/documents/questions/{wildcard}","eventType":"providers/cloud.firestore/eventTypes/document.create","service":"firestore.googleapis.com"}}
[debug] [2021-01-16T09:24:25.567Z] >>> HTTP REQUEST PATCH https://cloudfunctions.googleapis.com/v1/projects/stacksts/locations/us-central1/functions/sendCreateMail {"updateMask":"sourceUploadUrl,name,labels,runtime,environmentVariables,eventTrigger.resource,eventTrigger.eventType,eventTrigger.service,eventTrigger.failurePolicy"} 
 {"sourceUploadUrl":"https://storage.googleapis.com/gcf-upload-us-central1-0a357c5f-8549-452e-a55f-000c28dd7dbf/9cf93b91-039a-4562-b666-46e2cb1889d1.zip?GoogleAccessId=service-561557019074@gcf-admin-robot.iam.gserviceaccount.com&Expires=1610790865&Signature=tk%2BMiJmAOXYVVE9sqUrURLJqxygvHHzxfSSi2fNSAg%2FMjSB3rBwWysAY%2Bh09kvIFkQQCJ46epQe3CSLKuz8zIcGQAleTmwoRnWTptxQ1NlY8IT5wH9U5PvavcghFCIyYFjf9ULCEmXtb%2FYjaWyjlOUBWlfFQFmZZYZvr3PFzUO1Ny4kZzwG%2FxOVA6dY78VomQYgf3ibdRKF5Ou435161cWc5nVANKvjMyXSsir46Rn7bAjCWthKLkKEie9ytrOg6JiykIRXpsJg%2BVvIyPh3NyOHvapPyDYgJibGkvHvpD7eHN0P0Kgu5HIkhANhT5ircUxywzVOzd9Ta%2FiulWJWDhw%3D%3D","name":"projects/stacksts/locations/us-central1/functions/sendCreateMail","labels":{"deployment-tool":"cli-firebase"},"eventTrigger":{"resource":"projects/stacksts/databases/(default)/documents/questions/{wildcard}","eventType":"providers/cloud.firestore/eventTypes/document.create","service":"firestore.googleapis.com"},"runtime":"nodejs12","environmentVariables":{"FIREBASE_CONFIG":"{\"projectId\":\"stacksts\",\"storageBucket\":\"stacksts.appspot.com\",\"locationId\":\"asia-northeast3\"}"}}
[debug] [2021-01-16T09:24:26.364Z] <<< HTTP RESPONSE 200 {"content-type":"application/json; charset=UTF-8","vary":"X-Origin, Referer, Origin,Accept-Encoding","date":"Sat, 16 Jan 2021 09:24:26 GMT","server":"ESF","cache-control":"private","x-xss-protection":"0","x-frame-options":"SAMEORIGIN","x-content-type-options":"nosniff","alt-svc":"h3-29=\":443\"; ma=2592000,h3-T051=\":443\"; ma=2592000,h3-Q050=\":443\"; ma=2592000,h3-Q046=\":443\"; ma=2592000,h3-Q043=\":443\"; ma=2592000,quic=\":443\"; ma=2592000; v=\"46,43\"","accept-ranges":"none","transfer-encoding":"chunked"}
[debug] [2021-01-16T09:24:26.370Z] >>> HTTP REQUEST GET https://cloudfunctions.googleapis.com/v1/operations/c3RhY2tzdHMvdXMtY2VudHJhbDEvc2VuZENyZWF0ZU1haWwveGM4N055bk1EU0U  
 
[debug] [2021-01-16T09:24:26.898Z] <<< HTTP RESPONSE 200 {"content-type":"application/json; charset=UTF-8","vary":"X-Origin, Referer, Origin,Accept-Encoding","date":"Sat, 16 Jan 2021 09:24:26 GMT","server":"ESF","cache-control":"private","x-xss-protection":"0","x-frame-options":"SAMEORIGIN","x-content-type-options":"nosniff","alt-svc":"h3-29=\":443\"; ma=2592000,h3-T051=\":443\"; ma=2592000,h3-Q050=\":443\"; ma=2592000,h3-Q046=\":443\"; ma=2592000,h3-Q043=\":443\"; ma=2592000,quic=\":443\"; ma=2592000; v=\"46,43\"","accept-ranges":"none","transfer-encoding":"chunked"}
[debug] [2021-01-16T09:24:28.901Z] >>> HTTP REQUEST GET https://cloudfunctions.googleapis.com/v1/operations/c3RhY2tzdHMvdXMtY2VudHJhbDEvc2VuZENyZWF0ZU1haWwveGM4N055bk1EU0U  
 
[debug] [2021-01-16T09:24:29.579Z] <<< HTTP RESPONSE 200 {"content-type":"application/json; charset=UTF-8","vary":"X-Origin, Referer, Origin,Accept-Encoding","date":"Sat, 16 Jan 2021 09:24:29 GMT","server":"ESF","cache-control":"private","x-xss-protection":"0","x-frame-options":"SAMEORIGIN","x-content-type-options":"nosniff","alt-svc":"h3-29=\":443\"; ma=2592000,h3-T051=\":443\"; ma=2592000,h3-Q050=\":443\"; ma=2592000,h3-Q046=\":443\"; ma=2592000,h3-Q043=\":443\"; ma=2592000,quic=\":443\"; ma=2592000; v=\"46,43\"","accept-ranges":"none","transfer-encoding":"chunked"}
[debug] [2021-01-16T09:24:31.581Z] >>> HTTP REQUEST GET https://cloudfunctions.googleapis.com/v1/operations/c3RhY2tzdHMvdXMtY2VudHJhbDEvc2VuZENyZWF0ZU1haWwveGM4N055bk1EU0U  
 
[debug] [2021-01-16T09:24:32.115Z] <<< HTTP RESPONSE 200 {"content-type":"application/json; charset=UTF-8","vary":"X-Origin, Referer, Origin,Accept-Encoding","date":"Sat, 16 Jan 2021 09:24:32 GMT","server":"ESF","cache-control":"private","x-xss-protection":"0","x-frame-options":"SAMEORIGIN","x-content-type-options":"nosniff","alt-svc":"h3-29=\":443\"; ma=2592000,h3-T051=\":443\"; ma=2592000,h3-Q050=\":443\"; ma=2592000,h3-Q046=\":443\"; ma=2592000,h3-Q043=\":443\"; ma=2592000,quic=\":443\"; ma=2592000; v=\"46,43\"","accept-ranges":"none","transfer-encoding":"chunked"}
[debug] [2021-01-16T09:24:34.116Z] >>> HTTP REQUEST GET https://cloudfunctions.googleapis.com/v1/operations/c3RhY2tzdHMvdXMtY2VudHJhbDEvc2VuZENyZWF0ZU1haWwveGM4N055bk1EU0U  
 
[debug] [2021-01-16T09:24:34.803Z] <<< HTTP RESPONSE 200 {"content-type":"application/json; charset=UTF-8","vary":"X-Origin, Referer, Origin,Accept-Encoding","date":"Sat, 16 Jan 2021 09:24:34 GMT","server":"ESF","cache-control":"private","x-xss-protection":"0","x-frame-options":"SAMEORIGIN","x-content-type-options":"nosniff","alt-svc":"h3-29=\":443\"; ma=2592000,h3-T051=\":443\"; ma=2592000,h3-Q050=\":443\"; ma=2592000,h3-Q046=\":443\"; ma=2592000,h3-Q043=\":443\"; ma=2592000,quic=\":443\"; ma=2592000; v=\"46,43\"","accept-ranges":"none","transfer-encoding":"chunked"}
[debug] [2021-01-16T09:24:36.805Z] >>> HTTP REQUEST GET https://cloudfunctions.googleapis.com/v1/operations/c3RhY2tzdHMvdXMtY2VudHJhbDEvc2VuZENyZWF0ZU1haWwveGM4N055bk1EU0U  
 
[debug] [2021-01-16T09:24:37.476Z] <<< HTTP RESPONSE 200 {"content-type":"application/json; charset=UTF-8","vary":"X-Origin, Referer, Origin,Accept-Encoding","date":"Sat, 16 Jan 2021 09:24:37 GMT","server":"ESF","cache-control":"private","x-xss-protection":"0","x-frame-options":"SAMEORIGIN","x-content-type-options":"nosniff","alt-svc":"h3-29=\":443\"; ma=2592000,h3-T051=\":443\"; ma=2592000,h3-Q050=\":443\"; ma=2592000,h3-Q046=\":443\"; ma=2592000,h3-Q043=\":443\"; ma=2592000,quic=\":443\"; ma=2592000; v=\"46,43\"","accept-ranges":"none","transfer-encoding":"chunked"}
[debug] [2021-01-16T09:24:39.478Z] >>> HTTP REQUEST GET https://cloudfunctions.googleapis.com/v1/operations/c3RhY2tzdHMvdXMtY2VudHJhbDEvc2VuZENyZWF0ZU1haWwveGM4N055bk1EU0U  
 
[debug] [2021-01-16T09:24:39.985Z] <<< HTTP RESPONSE 200 {"content-type":"application/json; charset=UTF-8","vary":"X-Origin, Referer, Origin,Accept-Encoding","date":"Sat, 16 Jan 2021 09:24:40 GMT","server":"ESF","cache-control":"private","x-xss-protection":"0","x-frame-options":"SAMEORIGIN","x-content-type-options":"nosniff","alt-svc":"h3-29=\":443\"; ma=2592000,h3-T051=\":443\"; ma=2592000,h3-Q050=\":443\"; ma=2592000,h3-Q046=\":443\"; ma=2592000,h3-Q043=\":443\"; ma=2592000,quic=\":443\"; ma=2592000; v=\"46,43\"","accept-ranges":"none","transfer-encoding":"chunked"}
[debug] [2021-01-16T09:24:41.987Z] >>> HTTP REQUEST GET https://cloudfunctions.googleapis.com/v1/operations/c3RhY2tzdHMvdXMtY2VudHJhbDEvc2VuZENyZWF0ZU1haWwveGM4N055bk1EU0U  
 
[debug] [2021-01-16T09:24:42.466Z] <<< HTTP RESPONSE 200 {"content-type":"application/json; charset=UTF-8","vary":"X-Origin, Referer, Origin,Accept-Encoding","date":"Sat, 16 Jan 2021 09:24:42 GMT","server":"ESF","cache-control":"private","x-xss-protection":"0","x-frame-options":"SAMEORIGIN","x-content-type-options":"nosniff","alt-svc":"h3-29=\":443\"; ma=2592000,h3-T051=\":443\"; ma=2592000,h3-Q050=\":443\"; ma=2592000,h3-Q046=\":443\"; ma=2592000,h3-Q043=\":443\"; ma=2592000,quic=\":443\"; ma=2592000; v=\"46,43\"","accept-ranges":"none","transfer-encoding":"chunked"}
[debug] [2021-01-16T09:24:44.467Z] >>> HTTP REQUEST GET https://cloudfunctions.googleapis.com/v1/operations/c3RhY2tzdHMvdXMtY2VudHJhbDEvc2VuZENyZWF0ZU1haWwveGM4N055bk1EU0U  
 
[debug] [2021-01-16T09:24:45.059Z] <<< HTTP RESPONSE 200 {"content-type":"application/json; charset=UTF-8","vary":"X-Origin, Referer, Origin,Accept-Encoding","date":"Sat, 16 Jan 2021 09:24:45 GMT","server":"ESF","cache-control":"private","x-xss-protection":"0","x-frame-options":"SAMEORIGIN","x-content-type-options":"nosniff","alt-svc":"h3-29=\":443\"; ma=2592000,h3-T051=\":443\"; ma=2592000,h3-Q050=\":443\"; ma=2592000,h3-Q046=\":443\"; ma=2592000,h3-Q043=\":443\"; ma=2592000,quic=\":443\"; ma=2592000; v=\"46,43\"","accept-ranges":"none","transfer-encoding":"chunked"}
[debug] [2021-01-16T09:24:47.060Z] >>> HTTP REQUEST GET https://cloudfunctions.googleapis.com/v1/operations/c3RhY2tzdHMvdXMtY2VudHJhbDEvc2VuZENyZWF0ZU1haWwveGM4N055bk1EU0U  
 
[debug] [2021-01-16T09:24:47.755Z] <<< HTTP RESPONSE 200 {"content-type":"application/json; charset=UTF-8","vary":"X-Origin, Referer, Origin,Accept-Encoding","date":"Sat, 16 Jan 2021 09:24:47 GMT","server":"ESF","cache-control":"private","x-xss-protection":"0","x-frame-options":"SAMEORIGIN","x-content-type-options":"nosniff","alt-svc":"h3-29=\":443\"; ma=2592000,h3-T051=\":443\"; ma=2592000,h3-Q050=\":443\"; ma=2592000,h3-Q046=\":443\"; ma=2592000,h3-Q043=\":443\"; ma=2592000,quic=\":443\"; ma=2592000; v=\"46,43\"","accept-ranges":"none","transfer-encoding":"chunked"}
[debug] [2021-01-16T09:24:49.756Z] >>> HTTP REQUEST GET https://cloudfunctions.googleapis.com/v1/operations/c3RhY2tzdHMvdXMtY2VudHJhbDEvc2VuZENyZWF0ZU1haWwveGM4N055bk1EU0U  
 
[debug] [2021-01-16T09:24:50.288Z] <<< HTTP RESPONSE 200 {"content-type":"application/json; charset=UTF-8","vary":"X-Origin, Referer, Origin,Accept-Encoding","date":"Sat, 16 Jan 2021 09:24:50 GMT","server":"ESF","cache-control":"private","x-xss-protection":"0","x-frame-options":"SAMEORIGIN","x-content-type-options":"nosniff","alt-svc":"h3-29=\":443\"; ma=2592000,h3-T051=\":443\"; ma=2592000,h3-Q050=\":443\"; ma=2592000,h3-Q046=\":443\"; ma=2592000,h3-Q043=\":443\"; ma=2592000,quic=\":443\"; ma=2592000; v=\"46,43\"","accept-ranges":"none","transfer-encoding":"chunked"}
[debug] [2021-01-16T09:24:52.290Z] >>> HTTP REQUEST GET https://cloudfunctions.googleapis.com/v1/operations/c3RhY2tzdHMvdXMtY2VudHJhbDEvc2VuZENyZWF0ZU1haWwveGM4N055bk1EU0U  
 
[debug] [2021-01-16T09:24:52.979Z] <<< HTTP RESPONSE 200 {"content-type":"application/json; charset=UTF-8","vary":"X-Origin, Referer, Origin,Accept-Encoding","date":"Sat, 16 Jan 2021 09:24:53 GMT","server":"ESF","cache-control":"private","x-xss-protection":"0","x-frame-options":"SAMEORIGIN","x-content-type-options":"nosniff","alt-svc":"h3-29=\":443\"; ma=2592000,h3-T051=\":443\"; ma=2592000,h3-Q050=\":443\"; ma=2592000,h3-Q046=\":443\"; ma=2592000,h3-Q043=\":443\"; ma=2592000,quic=\":443\"; ma=2592000; v=\"46,43\"","accept-ranges":"none","transfer-encoding":"chunked"}
[debug] [2021-01-16T09:24:54.980Z] >>> HTTP REQUEST GET https://cloudfunctions.googleapis.com/v1/operations/c3RhY2tzdHMvdXMtY2VudHJhbDEvc2VuZENyZWF0ZU1haWwveGM4N055bk1EU0U  
 
[debug] [2021-01-16T09:24:55.689Z] <<< HTTP RESPONSE 200 {"content-type":"application/json; charset=UTF-8","vary":"X-Origin, Referer, Origin,Accept-Encoding","date":"Sat, 16 Jan 2021 09:24:55 GMT","server":"ESF","cache-control":"private","x-xss-protection":"0","x-frame-options":"SAMEORIGIN","x-content-type-options":"nosniff","alt-svc":"h3-29=\":443\"; ma=2592000,h3-T051=\":443\"; ma=2592000,h3-Q050=\":443\"; ma=2592000,h3-Q046=\":443\"; ma=2592000,h3-Q043=\":443\"; ma=2592000,quic=\":443\"; ma=2592000; v=\"46,43\"","accept-ranges":"none","transfer-encoding":"chunked"}
[debug] [2021-01-16T09:24:57.690Z] >>> HTTP REQUEST GET https://cloudfunctions.googleapis.com/v1/operations/c3RhY2tzdHMvdXMtY2VudHJhbDEvc2VuZENyZWF0ZU1haWwveGM4N055bk1EU0U  
 
[debug] [2021-01-16T09:24:58.172Z] <<< HTTP RESPONSE 200 {"content-type":"application/json; charset=UTF-8","vary":"X-Origin, Referer, Origin,Accept-Encoding","date":"Sat, 16 Jan 2021 09:24:58 GMT","server":"ESF","cache-control":"private","x-xss-protection":"0","x-frame-options":"SAMEORIGIN","x-content-type-options":"nosniff","alt-svc":"h3-29=\":443\"; ma=2592000,h3-T051=\":443\"; ma=2592000,h3-Q050=\":443\"; ma=2592000,h3-Q046=\":443\"; ma=2592000,h3-Q043=\":443\"; ma=2592000,quic=\":443\"; ma=2592000; v=\"46,43\"","accept-ranges":"none","transfer-encoding":"chunked"}
[debug] [2021-01-16T09:25:00.173Z] >>> HTTP REQUEST GET https://cloudfunctions.googleapis.com/v1/operations/c3RhY2tzdHMvdXMtY2VudHJhbDEvc2VuZENyZWF0ZU1haWwveGM4N055bk1EU0U  
 
[debug] [2021-01-16T09:25:00.641Z] <<< HTTP RESPONSE 200 {"content-type":"application/json; charset=UTF-8","vary":"X-Origin, Referer, Origin,Accept-Encoding","date":"Sat, 16 Jan 2021 09:25:00 GMT","server":"ESF","cache-control":"private","x-xss-protection":"0","x-frame-options":"SAMEORIGIN","x-content-type-options":"nosniff","alt-svc":"h3-29=\":443\"; ma=2592000,h3-T051=\":443\"; ma=2592000,h3-Q050=\":443\"; ma=2592000,h3-Q046=\":443\"; ma=2592000,h3-Q043=\":443\"; ma=2592000,quic=\":443\"; ma=2592000; v=\"46,43\"","accept-ranges":"none","transfer-encoding":"chunked"}
[debug] [2021-01-16T09:25:02.642Z] >>> HTTP REQUEST GET https://cloudfunctions.googleapis.com/v1/operations/c3RhY2tzdHMvdXMtY2VudHJhbDEvc2VuZENyZWF0ZU1haWwveGM4N055bk1EU0U  
 
[debug] [2021-01-16T09:25:03.114Z] <<< HTTP RESPONSE 200 {"content-type":"application/json; charset=UTF-8","vary":"X-Origin, Referer, Origin,Accept-Encoding","date":"Sat, 16 Jan 2021 09:25:03 GMT","server":"ESF","cache-control":"private","x-xss-protection":"0","x-frame-options":"SAMEORIGIN","x-content-type-options":"nosniff","alt-svc":"h3-29=\":443\"; ma=2592000,h3-T051=\":443\"; ma=2592000,h3-Q050=\":443\"; ma=2592000,h3-Q046=\":443\"; ma=2592000,h3-Q043=\":443\"; ma=2592000,quic=\":443\"; ma=2592000; v=\"46,43\"","accept-ranges":"none","transfer-encoding":"chunked"}
[warn] !  functions[sendCreateMail(us-central1)]: Deployment error. 
[info] Build failed: npm ERR! cipm can only install packages when your package.json and package-lock.json or npm-shrinkwrap.json are in sync. Please update your lock file with `npm install` before continuing.
npm ERR! 
npm ERR! 
npm ERR! Missing: nodemailer@^6.4.17
npm ERR! 

npm ERR! A complete log of this run can be found in:
npm ERR!     /builder/home/.npm/_logs/2021-01-16T09_24_52_940Z-debug.log; Error ID: beaf8772
[info] 

Functions deploy had errors with the following functions:
[info] 	sendCreateMail
[info] 

To try redeploying those functions, run:
[info]     firebase deploy --only "functions:sendCreateMail"
[info] 

To continue deploying other features (such as database), run:
[info]     firebase deploy --except functions
[error] 
[error] Error: Functions did not deploy properly.
